<?xml version="1.0" encoding="UTF-8"?>
<testng-results ignored="0" total="2" passed="2" failed="0" skipped="0">
  <reporter-output>
  </reporter-output>
  <suite started-at="2023-06-01T19:04:30 IST" name="Default suite" finished-at="2023-06-01T19:04:30 IST" duration-ms="76">
    <groups>
    </groups>
    <test started-at="2023-06-01T19:04:30 IST" name="Default test" finished-at="2023-06-01T19:04:30 IST" duration-ms="76">
      <class name="com.testpackage.TestBasics">
        <test-method is-config="true" signature="a()[pri:0, instance:com.testpackage.TestBasics@31e5415e]" started-at="2023-06-01T19:04:30 IST" name="a" finished-at="2023-06-01T19:04:30 IST" duration-ms="10" status="PASS">
          <reporter-output>
          </reporter-output>
        </test-method> <!-- a -->
        <test-method is-config="true" signature="b()[pri:0, instance:com.testpackage.TestBasics@31e5415e]" started-at="2023-06-01T19:04:30 IST" name="b" finished-at="2023-06-01T19:04:30 IST" duration-ms="0" status="PASS">
          <reporter-output>
          </reporter-output>
        </test-method> <!-- b -->
        <test-method is-config="true" signature="c()[pri:0, instance:com.testpackage.TestBasics@31e5415e]" started-at="2023-06-01T19:04:30 IST" name="c" finished-at="2023-06-01T19:04:30 IST" duration-ms="0" status="PASS">
          <reporter-output>
          </reporter-output>
        </test-method> <!-- c -->
        <test-method is-config="true" signature="d()[pri:0, instance:com.testpackage.TestBasics@31e5415e]" started-at="2023-06-01T19:04:30 IST" name="d" finished-at="2023-06-01T19:04:30 IST" duration-ms="0" status="PASS">
          <reporter-output>
          </reporter-output>
        </test-method> <!-- d -->
        <test-method signature="e()[pri:0, instance:com.testpackage.TestBasics@31e5415e]" started-at="2023-06-01T19:04:30 IST" name="e" finished-at="2023-06-01T19:04:30 IST" duration-ms="8" status="PASS">
          <reporter-output>
          </reporter-output>
        </test-method> <!-- e -->
        <test-method is-config="true" signature="f()[pri:0, instance:com.testpackage.TestBasics@31e5415e]" started-at="2023-06-01T19:04:30 IST" name="f" finished-at="2023-06-01T19:04:30 IST" duration-ms="0" status="PASS">
          <reporter-output>
          </reporter-output>
        </test-method> <!-- f -->
        <test-method is-config="true" signature="d()[pri:0, instance:com.testpackage.TestBasics@31e5415e]" started-at="2023-06-01T19:04:30 IST" name="d" finished-at="2023-06-01T19:04:30 IST" duration-ms="1" status="PASS">
          <reporter-output>
          </reporter-output>
        </test-method> <!-- d -->
        <test-method signature="ee()[pri:0, instance:com.testpackage.TestBasics@31e5415e]" started-at="2023-06-01T19:04:30 IST" name="ee" finished-at="2023-06-01T19:04:30 IST" duration-ms="3" status="PASS">
          <reporter-output>
          </reporter-output>
        </test-method> <!-- ee -->
        <test-method is-config="true" signature="f()[pri:0, instance:com.testpackage.TestBasics@31e5415e]" started-at="2023-06-01T19:04:30 IST" name="f" finished-at="2023-06-01T19:04:30 IST" duration-ms="1" status="PASS">
          <reporter-output>
          </reporter-output>
        </test-method> <!-- f -->
        <test-method is-config="true" signature="g()[pri:0, instance:com.testpackage.TestBasics@31e5415e]" started-at="2023-06-01T19:04:30 IST" name="g" finished-at="2023-06-01T19:04:30 IST" duration-ms="0" status="PASS">
          <reporter-output>
          </reporter-output>
        </test-method> <!-- g -->
        <test-method is-config="true" signature="h()[pri:0, instance:com.testpackage.TestBasics@31e5415e]" started-at="2023-06-01T19:04:30 IST" name="h" finished-at="2023-06-01T19:04:30 IST" duration-ms="1" status="PASS">
          <reporter-output>
          </reporter-output>
        </test-method> <!-- h -->
        <test-method is-config="true" signature="i()[pri:0, instance:com.testpackage.TestBasics@31e5415e]" started-at="2023-06-01T19:04:30 IST" name="i" finished-at="2023-06-01T19:04:30 IST" duration-ms="1" status="PASS">
          <reporter-output>
          </reporter-output>
        </test-method> <!-- i -->
      </class> <!-- com.testpackage.TestBasics -->
    </test> <!-- Default test -->
  </suite> <!-- Default suite -->
</testng-results>
